<?xml version="1.0" encoding="UTF-8"?>
<!-- Generated by org.testng.reporters.JUnitReportReporter -->
<testsuite hostname="shaiks-MacBook-Air.local" failures="0" tests="4" name="TestCases.LoginPageTest" time="16.529" errors="0" timestamp="2025-10-28T14:37:32 IST" skipped="0">
  <testcase classname="TestCases.LoginPageTest" name="verifyLogin" time="3.030"/>
  <testcase classname="TestCases.LoginPageTest" name="verifyLogin" time="3.792"/>
  <testcase classname="TestCases.LoginPageTest" name="verifyLogin" time="5.730"/>
  <testcase classname="TestCases.LoginPageTest" name="verifyLogin" time="3.977"/>
</testsuite> <!-- TestCases.LoginPageTest -->
