<?xml version="1.0" encoding="UTF-8"?>
<!-- Generated by org.testng.reporters.JUnitReportReporter -->
<testsuite hostname="shaiks-MacBook-Air.local" failures="0" tests="4" name="TestCases.LoginPageScenario" time="13.916" errors="0" timestamp="2025-10-28T14:09:45 IST" skipped="0">
  <testcase classname="TestCases.LoginPageScenario" name="verifyLogin" time="4.171"/>
  <testcase classname="TestCases.LoginPageScenario" name="verifyLogin" time="3.387"/>
  <testcase classname="TestCases.LoginPageScenario" name="verifyLogin" time="3.074"/>
  <testcase classname="TestCases.LoginPageScenario" name="verifyLogin" time="3.284"/>
</testsuite> <!-- TestCases.LoginPageScenario -->
