<?xml version="1.0" encoding="UTF-8"?>
<!-- Generated by org.testng.reporters.JUnitReportReporter -->
<testsuite hostname="DESKTOP-F4TI24V" failures="0" tests="4" name="TestCases.addAddressTest" time="50.566" errors="0" timestamp="2025-10-29T15:04:40 IST" skipped="0">
  <testcase classname="TestCases.addAddressTest" name="loginTest" time="7.959"/>
  <testcase classname="TestCases.addAddressTest" name="loginTest" time="7.227"/>
  <testcase classname="TestCases.addAddressTest" name="addAddressTest" time="16.998"/>
  <testcase classname="TestCases.addAddressTest" name="addAddressTest" time="18.382"/>
</testsuite> <!-- TestCases.addAddressTest -->
