<?xml version="1.0" encoding="UTF-8"?>
<!-- Generated by org.testng.reporters.JUnitReportReporter -->
<testsuite hostname="shaiks-MacBook-Air.local" failures="0" tests="1" name="TestCases.LoginPageTest" time="38.345" errors="0" timestamp="2025-10-28T16:53:05 IST" skipped="0">
  <testcase classname="TestCases.LoginPageTest" name="verifyLoginFromExcel" time="38.345"/>
</testsuite> <!-- TestCases.LoginPageTest -->
