<?xml version="1.0" encoding="UTF-8"?>
<!-- Generated by org.testng.reporters.JUnitReportReporter -->
<testsuite hostname="ASCENDI-GQ9M8NH" failures="0" tests="3" name="MobileAutomation.WikipediaAppTests" time="6.646" errors="0" timestamp="2025-10-29T13:14:18 IST" skipped="0">
  <testcase classname="MobileAutomation.WikipediaAppTests" name="verifyTextJohnBullockClarkPresent" time="2.232"/>
  <testcase classname="MobileAutomation.WikipediaAppTests" name="verifySearchFieldPresent" time="0.546"/>
  <testcase classname="MobileAutomation.WikipediaAppTests" name="searchForTerm" time="3.868"/>
</testsuite> <!-- MobileAutomation.WikipediaAppTests -->
