<?xml version="1.0" encoding="UTF-8"?>
<!-- Generated by org.testng.reporters.JUnitReportReporter -->
<testsuite hostname="DESKTOP-F4TI24V" failures="0" tests="1" name="TestCases.RegisterLogoutTest" time="21.530" errors="0" timestamp="2025-10-29T14:53:41 IST" skipped="0">
  <testcase classname="TestCases.RegisterLogoutTest" name="testRegisterAndLogout" time="21.530"/>
</testsuite> <!-- TestCases.RegisterLogoutTest -->
